<?xml version="1.0" encoding="UTF-8"?>
<testng-results ignored="0" total="1" passed="1" failed="0" skipped="0">
  <reporter-output>
  </reporter-output>
  <suite started-at="2023-06-20T23:44:00 GST" name="Default suite" finished-at="2023-06-20T23:45:26 GST" duration-ms="86224">
    <groups>
    </groups>
    <test started-at="2023-06-20T23:44:00 GST" name="Default test" finished-at="2023-06-20T23:45:26 GST" duration-ms="86224">
      <class name="org.lighthouse.seleniumtest.LighthousePageTest">
        <test-method is-config="true" signature="setUp()[pri:0, instance:org.lighthouse.seleniumtest.LighthousePageTest@4803b726]" started-at="2023-06-20T23:44:00 GST" name="setUp" finished-at="2023-06-20T23:44:01 GST" duration-ms="1188" status="PASS">
          <reporter-output>
          </reporter-output>
        </test-method> <!-- setUp -->
        <test-method signature="webPageAuditTest()[pri:0, instance:org.lighthouse.seleniumtest.LighthousePageTest@4803b726]" started-at="2023-06-20T23:44:01 GST" name="webPageAuditTest" description="Web page health check and audit using Google Lighthouse" finished-at="2023-06-20T23:45:26 GST" duration-ms="84935" status="PASS">
          <reporter-output>
          </reporter-output>
        </test-method> <!-- webPageAuditTest -->
        <test-method is-config="true" signature="tearDown()[pri:0, instance:org.lighthouse.seleniumtest.LighthousePageTest@4803b726]" started-at="2023-06-20T23:45:26 GST" name="tearDown" finished-at="2023-06-20T23:45:26 GST" duration-ms="72" status="PASS">
          <reporter-output>
          </reporter-output>
        </test-method> <!-- tearDown -->
      </class> <!-- org.lighthouse.seleniumtest.LighthousePageTest -->
    </test> <!-- Default test -->
  </suite> <!-- Default suite -->
</testng-results>
